<?xml version="1.0" encoding="UTF-8"?>
<!-- Generated by org.testng.reporters.JUnitXMLReporter -->
<testsuite hostname="ADMIN-PC" ignored="1" name="Default test" tests="4" failures="0" timestamp="14 Jun 2017 10:47:51 GMT" time="48.705" errors="0">
  <testcase name="second" time="7.386" classname="com.prj.org.sample"/>
  <testcase name="third" time="6.647" classname="com.prj.org.sample"/>
  <testcase name="fifth" time="8.29" classname="com.prj.org.sample"/>
  <testcase name="sixth" time="0.885" classname="com.prj.org.sample"/>
  <testcase name="fourth" time="0.0" classname="com.prj.org.sample">
    <ignored/>
  </testcase> <!-- fourth -->
</testsuite> <!-- Default test -->
